Arguments: 
  /usr/local/bin/node /usr/local/Cellar/yarn/1.12.3/libexec/bin/yarn.js add react-navigation-drawernpm

PATH: 
  /opt/subversion/bin:/usr/lib/ccache:/usr/bin:/bin:/usr/sbin:/sbin:/usr/local/bin:/Applications/Xcode 5.app/Contents/Developer/usr/bin:/opt/X11/bin:/Applications/Wireshark.app/Contents/MacOS:/opt/subversion/bin:/usr/lib/ccache:/Users/ganesh/jsbsim/src:/Applications/Xcode 8.app/Contents/Developer/usr/bin:/Users/ganesh/ardupilot/Tools/autotest:/Users/ganesh/Library/Android/sdk/tools:/Users/ganesh/Library/Android/sdk/platform-tools:/Users/ganesh/jsbsim/src:/Applications/Xcode 8.app/Contents/Developer/usr/bin:/Users/ganesh/ardupilot/Tools/autotest:/Users/ganesh/Library/Android/sdk/tools:/Users/ganesh/Library/Android/sdk/platform-tools

Yarn version: 
  1.12.3

Node version: 
  10.14.2

Platform: 
  darwin x64

Trace: 
  Error: https://registry.yarnpkg.com/react-navigation-drawernpm: Not found
      at Request.params.callback [as _callback] (/usr/local/Cellar/yarn/1.12.3/libexec/lib/cli.js:65894:18)
      at Request.self.callback (/usr/local/Cellar/yarn/1.12.3/libexec/lib/cli.js:129018:22)
      at Request.emit (events.js:182:13)
      at Request.<anonymous> (/usr/local/Cellar/yarn/1.12.3/libexec/lib/cli.js:129990:10)
      at Request.emit (events.js:182:13)
      at IncomingMessage.<anonymous> (/usr/local/Cellar/yarn/1.12.3/libexec/lib/cli.js:129912:12)
      at Object.onceWrapper (events.js:273:13)
      at IncomingMessage.emit (events.js:187:15)
      at endReadableNT (_stream_readable.js:1094:12)
      at process._tickCallback (internal/process/next_tick.js:63:19)

npm manifest: 
  {
    "main": "node_modules/expo/AppEntry.js",
    "scripts": {
      "start": "expo start",
      "android": "expo start --android",
      "ios": "expo start --ios",
      "web": "expo start --web",
      "eject": "expo eject"
    },
    "dependencies": {
      "expo": "^35.0.0",
      "react": "16.8.3",
      "react-dom": "16.8.3",
      "react-native": "https://github.com/expo/react-native/archive/sdk-35.0.0.tar.gz",
      "react-native-elements": "^1.2.6",
      "react-native-gesture-handler": "~1.3.0",
      "react-native-web": "^0.11.7",
      "react-navigation": "^4.0.10",
      "react-navigation-stack": "^1.10.3"
    },
    "devDependencies": {
      "babel-preset-expo": "^7.1.0"
    },
    "private": true
  }

yarn manifest: 
  No manifest

Lockfile: 
  No lockfile
